d:\code\acm\c++课设\x64\debug\vc143.pdb
d:\code\acm\c++课设\x64\debug\vc143.idb
d:\code\acm\c++课设\x64\debug\tool.obj
d:\code\acm\c++课设\x64\debug\technical.obj
d:\code\acm\c++课设\x64\debug\salespeople.obj
d:\code\acm\c++课设\x64\debug\salesmanager.obj
d:\code\acm\c++课设\x64\debug\person.obj
d:\code\acm\c++课设\x64\debug\manager.obj
d:\code\acm\c++课设\x64\debug\main.obj
d:\code\acm\c++课设\x64\debug\heart.obj
d:\code\acm\c++课设\x64\debug\array.obj
d:\code\acm\c++课设\x64\debug\executive.obj
d:\code\acm\x64\debug\公司员工信息管理系统.exe
d:\code\acm\c++课设\x64\debug\公司员工信息管理系统.ilk
d:\code\acm\x64\debug\公司员工信息管理系统.pdb
d:\code\acm\c++课设\x64\debug\公司员工信息管理系统.tlog\cl.command.1.tlog
d:\code\acm\c++课设\x64\debug\公司员工信息管理系统.tlog\cl.read.1.tlog
d:\code\acm\c++课设\x64\debug\公司员工信息管理系统.tlog\cl.write.1.tlog
d:\code\acm\c++课设\x64\debug\公司员工信息管理系统.tlog\link.command.1.tlog
d:\code\acm\c++课设\x64\debug\公司员工信息管理系统.tlog\link.read.1.tlog
d:\code\acm\c++课设\x64\debug\公司员工信息管理系统.tlog\link.write.1.tlog
